TN:
SF:src/services/anomalyService.ts
FN:6,detectZeroCheckins
FN:54,detectCapacityBreach
FN:95,detectRevenueDrop
FN:148,resolveAnomalies
FN:209,resolveAnomaly
FNF:5
FNH:5
FNDA:3,detectZeroCheckins
FNDA:3,detectCapacityBreach
FNDA:2,detectRevenueDrop
FNDA:2,resolveAnomalies
FNDA:2,resolveAnomaly
DA:1,1
DA:2,1
DA:6,1
DA:7,3
DA:8,3
DA:11,3
DA:23,3
DA:25,2
DA:29,2
DA:31,1
DA:32,1
DA:37,1
DA:39,1
DA:48,1
DA:49,1
DA:54,1
DA:55,3
DA:64,3
DA:65,2
DA:69,2
DA:71,2
DA:72,2
DA:73,2
DA:78,2
DA:80,2
DA:89,2
DA:90,2
DA:95,1
DA:96,2
DA:117,2
DA:118,1
DA:122,1
DA:124,1
DA:125,1
DA:126,1
DA:131,1
DA:133,1
DA:142,1
DA:143,1
DA:148,1
DA:150,2
DA:153,2
DA:154,1
DA:158,1
DA:159,1
DA:164,2
DA:169,2
DA:170,1
DA:174,1
DA:175,1
DA:176,1
DA:181,2
DA:184,2
DA:185,0
DA:200,0
DA:201,0
DA:202,0
DA:203,0
DA:210,2
DA:214,2
DA:220,2
DA:221,2
LF:62
LH:57
BRDA:29,0,0,1
BRDA:69,1,0,0
BRDA:122,2,0,0
BRDA:158,3,0,1
BRDA:175,4,0,1
BRDA:200,5,0,0
BRDA:202,6,0,0
BRDA:202,7,0,0
BRDA:202,7,1,0
BRF:9
BRH:3
end_of_record
